<?xml version="1.0" encoding="UTF-8"?>
<!-- Generated by org.testng.reporters.JUnitReportReporter -->
<testsuite skipped="0" hostname="LAPTOP-F189313A" name="AcademyTestCases.Login" tests="2" failures="0" timestamp="2021-03-07T15:53:04 CST" time="24.955" errors="0">
  <testcase name="basePageNavigation" time="9.944" classname="AcademyTestCases.Login"/>
  <system-out/>
  <testcase name="basePageNavigation" time="15.011" classname="AcademyTestCases.Login"/>
  <system-out/>
</testsuite> <!-- AcademyTestCases.Login -->
