<?xml version="1.0" encoding="UTF-8"?>
<!-- Generated by org.testng.reporters.JUnitReportReporter -->
<testsuite skipped="0" hostname="LAPTOP-F189313A" name="AcademyTestCases.ValidateTitle" tests="1" failures="0" timestamp="2021-03-03T12:54:34 CST" time="0.206" errors="0">
  <testcase name="validateAppTitle" time="0.206" classname="AcademyTestCases.ValidateTitle"/>
  <system-out/>
</testsuite> <!-- AcademyTestCases.ValidateTitle -->
