<?xml version="1.0" encoding="UTF-8"?>
<!-- Generated by org.testng.reporters.JUnitReportReporter -->
<testsuite skipped="0" hostname="LAPTOP-F189313A" name="AcademyTestCases.Login" tests="2" failures="0" timestamp="2021-03-03T12:11:44 CST" time="28.206" errors="0">
  <testcase name="basePageNavigation" time="12.013" classname="AcademyTestCases.Login"/>
  <system-out/>
  <testcase name="basePageNavigation" time="16.193" classname="AcademyTestCases.Login"/>
  <system-out/>
</testsuite> <!-- AcademyTestCases.Login -->
