<?xml version="1.0" encoding="UTF-8"?>
<!-- Generated by org.testng.reporters.JUnitReportReporter -->
<testsuite skipped="0" hostname="LAPTOP-F189313A" name="AcademyTestCases.ValidateNavigationBar" tests="1" failures="0" timestamp="2021-03-03T12:54:34 CST" time="0.374" errors="0">
  <testcase name="validateAppNavBar" time="0.374" classname="AcademyTestCases.ValidateNavigationBar"/>
  <system-out/>
</testsuite> <!-- AcademyTestCases.ValidateNavigationBar -->
