<?xml version="1.0" encoding="UTF-8"?>
<!-- Generated by org.testng.reporters.JUnitReportReporter -->
<testsuite skipped="0" hostname="LAPTOP-F189313A" name="AcademyTestCases.Login" tests="2" failures="0" timestamp="2021-03-03T13:00:47 CST" time="26.163" errors="0">
  <testcase name="basePageNavigation" time="15.727" classname="AcademyTestCases.Login"/>
  <system-out/>
  <testcase name="basePageNavigation" time="10.436" classname="AcademyTestCases.Login"/>
  <system-out/>
</testsuite> <!-- AcademyTestCases.Login -->
